0 info it worked if it ends with ok
1 verbose cli [ 'node',
1 verbose cli   '/usr/local/bin/npm',
1 verbose cli   'install',
1 verbose cli   'react-addons-linked-state-mixins',
1 verbose cli   '--save' ]
2 info using npm@2.7.6
3 info using node@v0.10.29
4 verbose node symlink /usr/local/bin/node
5 verbose install initial load of /Users/azamuddin/Development/kantor/talent/package.json
6 warn package.json @ No repository field.
7 verbose installManyTop reading scoped package data from /Users/azamuddin/Development/kantor/talent/node_modules/browserify/package.json
8 verbose installManyTop reading scoped package data from /Users/azamuddin/Development/kantor/talent/node_modules/gulp/package.json
9 verbose installManyTop reading scoped package data from /Users/azamuddin/Development/kantor/talent/node_modules/history/package.json
10 verbose installManyTop reading scoped package data from /Users/azamuddin/Development/kantor/talent/node_modules/jquery/package.json
11 verbose installManyTop reading scoped package data from /Users/azamuddin/Development/kantor/talent/node_modules/l/package.json
12 verbose installManyTop reading scoped package data from /Users/azamuddin/Development/kantor/talent/node_modules/laravel-elixir/package.json
13 verbose installManyTop reading scoped package data from /Users/azamuddin/Development/kantor/talent/node_modules/material-ui/package.json
14 verbose installManyTop reading scoped package data from /Users/azamuddin/Development/kantor/talent/node_modules/react/package.json
15 verbose installManyTop reading scoped package data from /Users/azamuddin/Development/kantor/talent/node_modules/react-bootstrap/package.json
16 verbose installManyTop reading scoped package data from /Users/azamuddin/Development/kantor/talent/node_modules/react-dom/package.json
17 verbose installManyTop reading scoped package data from /Users/azamuddin/Development/kantor/talent/node_modules/react-router/package.json
18 verbose installManyTop reading scoped package data from /Users/azamuddin/Development/kantor/talent/node_modules/react-tap-event-plugin/package.json
19 verbose installManyTop reading scoped package data from /Users/azamuddin/Development/kantor/talent/node_modules/reactify/package.json
20 verbose readDependencies loading dependencies from /Users/azamuddin/Development/kantor/talent/package.json
21 silly cache add args [ 'react-addons-linked-state-mixins', null ]
22 verbose cache add spec react-addons-linked-state-mixins
23 silly cache add parsed spec { raw: 'react-addons-linked-state-mixins',
23 silly cache add   scope: null,
23 silly cache add   name: 'react-addons-linked-state-mixins',
23 silly cache add   rawSpec: '',
23 silly cache add   spec: '*',
23 silly cache add   type: 'range' }
24 silly addNamed react-addons-linked-state-mixins@*
25 verbose addNamed "*" is a valid semver range for react-addons-linked-state-mixins
26 silly addNameRange { name: 'react-addons-linked-state-mixins',
26 silly addNameRange   range: '*',
26 silly addNameRange   hasData: false }
27 silly mapToRegistry name react-addons-linked-state-mixins
28 silly mapToRegistry using default registry
29 silly mapToRegistry registry https://registry.npmjs.org/
30 silly mapToRegistry uri https://registry.npmjs.org/react-addons-linked-state-mixins
31 verbose addNameRange registry:https://registry.npmjs.org/react-addons-linked-state-mixins not in flight; fetching
32 verbose request uri https://registry.npmjs.org/react-addons-linked-state-mixins
33 verbose request no auth needed
34 info attempt registry request try #1 at 23:09:23
35 verbose request id 37ec31e104964773
36 http request GET https://registry.npmjs.org/react-addons-linked-state-mixins
37 info retry will retry, error on last attempt: Error: getaddrinfo ENOTFOUND
38 info attempt registry request try #2 at 23:09:33
39 http request GET https://registry.npmjs.org/react-addons-linked-state-mixins
40 info retry will retry, error on last attempt: Error: getaddrinfo ENOTFOUND
41 info attempt registry request try #3 at 23:10:33
42 http request GET https://registry.npmjs.org/react-addons-linked-state-mixins
43 verbose stack Error: getaddrinfo ENOTFOUND
43 verbose stack     at errnoException (dns.js:37:11)
43 verbose stack     at Object.onanswer [as oncomplete] (dns.js:124:16)
44 verbose cwd /Users/azamuddin/Development/kantor/talent
45 error Darwin 15.0.0
46 error argv "node" "/usr/local/bin/npm" "install" "react-addons-linked-state-mixins" "--save"
47 error node v0.10.29
48 error npm  v2.7.6
49 error code ENOTFOUND
50 error errno ENOTFOUND
51 error syscall getaddrinfo
52 error network getaddrinfo ENOTFOUND
52 error network This is most likely not a problem with npm itself
52 error network and is related to network connectivity.
52 error network In most cases you are behind a proxy or have bad network settings.
52 error network
52 error network If you are behind a proxy, please make sure that the
52 error network 'proxy' config is set properly.  See: 'npm help config'
53 verbose exit [ 1, true ]
